<?xml version="1.0" encoding="UTF-8"?>
<testsuite xmlns:xsi="http://www.w3.org/2001/XMLSchema-instance" xsi:noNamespaceSchemaLocation="https://maven.apache.org/surefire/maven-surefire-plugin/xsd/surefire-test-report-3.0.xsd" version="3.0" name="TestSuite" time="79.009" tests="7" errors="0" skipped="0" failures="0">
  <properties>
    <property name="sun.desktop" value="windows"/>
    <property name="awt.toolkit" value="sun.awt.windows.WToolkit"/>
    <property name="file.encoding.pkg" value="sun.io"/>
    <property name="java.specification.version" value="1.8"/>
    <property name="webdriver.chrome.driver" value="D:\swethaworkspace\ZeroBankingModelAutomation\src\test\resources\executables\chromedriver_win32\chromedriver.exe"/>
    <property name="sun.cpu.isalist" value="amd64"/>
    <property name="sun.jnu.encoding" value="Cp1252"/>
    <property name="java.class.path" value="D:\swethaworkspace\ZeroBankingModelAutomation\target\test-classes;D:\swethaworkspace\ZeroBankingModelAutomation\target\classes;C:\Users\swetha\.m2\repository\org\seleniumhq\selenium\selenium-java\4.0.0-alpha-6\selenium-java-4.0.0-alpha-6.jar;C:\Users\swetha\.m2\repository\org\seleniumhq\selenium\selenium-api\4.0.0-alpha-6\selenium-api-4.0.0-alpha-6.jar;C:\Users\swetha\.m2\repository\org\seleniumhq\selenium\selenium-chrome-driver\4.0.0-alpha-6\selenium-chrome-driver-4.0.0-alpha-6.jar;C:\Users\swetha\.m2\repository\com\google\auto\service\auto-service-annotations\1.0-rc6\auto-service-annotations-1.0-rc6.jar;C:\Users\swetha\.m2\repository\com\google\auto\service\auto-service\1.0-rc6\auto-service-1.0-rc6.jar;C:\Users\swetha\.m2\repository\com\google\auto\auto-common\0.10\auto-common-0.10.jar;C:\Users\swetha\.m2\repository\com\google\guava\guava\29.0-jre\guava-29.0-jre.jar;C:\Users\swetha\.m2\repository\com\google\guava\failureaccess\1.0.1\failureaccess-1.0.1.jar;C:\Users\swetha\.m2\repository\com\google\guava\listenablefuture\9999.0-empty-to-avoid-conflict-with-guava\listenablefuture-9999.0-empty-to-avoid-conflict-with-guava.jar;C:\Users\swetha\.m2\repository\com\google\code\findbugs\jsr305\3.0.2\jsr305-3.0.2.jar;C:\Users\swetha\.m2\repository\org\checkerframework\checker-qual\2.11.1\checker-qual-2.11.1.jar;C:\Users\swetha\.m2\repository\com\google\errorprone\error_prone_annotations\2.3.4\error_prone_annotations-2.3.4.jar;C:\Users\swetha\.m2\repository\com\google\j2objc\j2objc-annotations\1.3\j2objc-annotations-1.3.jar;C:\Users\swetha\.m2\repository\org\seleniumhq\selenium\selenium-chromium-driver\4.0.0-alpha-6\selenium-chromium-driver-4.0.0-alpha-6.jar;C:\Users\swetha\.m2\repository\org\seleniumhq\selenium\selenium-devtools\4.0.0-alpha-6\selenium-devtools-4.0.0-alpha-6.jar;C:\Users\swetha\.m2\repository\org\seleniumhq\selenium\selenium-http\4.0.0-alpha-6\selenium-http-4.0.0-alpha-6.jar;C:\Users\swetha\.m2\repository\org\seleniumhq\selenium\selenium-json\4.0.0-alpha-6\selenium-json-4.0.0-alpha-6.jar;C:\Users\swetha\.m2\repository\org\seleniumhq\selenium\selenium-edge-driver\4.0.0-alpha-6\selenium-edge-driver-4.0.0-alpha-6.jar;C:\Users\swetha\.m2\repository\org\seleniumhq\selenium\selenium-edgehtml-driver\4.0.0-alpha-6\selenium-edgehtml-driver-4.0.0-alpha-6.jar;C:\Users\swetha\.m2\repository\org\seleniumhq\selenium\selenium-firefox-driver\4.0.0-alpha-6\selenium-firefox-driver-4.0.0-alpha-6.jar;C:\Users\swetha\.m2\repository\org\seleniumhq\selenium\selenium-firefox-xpi-driver\4.0.0-alpha-6\selenium-firefox-xpi-driver-4.0.0-alpha-6.jar;C:\Users\swetha\.m2\repository\org\seleniumhq\selenium\selenium-ie-driver\4.0.0-alpha-6\selenium-ie-driver-4.0.0-alpha-6.jar;C:\Users\swetha\.m2\repository\org\seleniumhq\selenium\selenium-opera-driver\4.0.0-alpha-6\selenium-opera-driver-4.0.0-alpha-6.jar;C:\Users\swetha\.m2\repository\org\seleniumhq\selenium\selenium-remote-driver\4.0.0-alpha-6\selenium-remote-driver-4.0.0-alpha-6.jar;C:\Users\swetha\.m2\repository\com\squareup\okhttp3\okhttp\4.5.0\okhttp-4.5.0.jar;C:\Users\swetha\.m2\repository\org\jetbrains\kotlin\kotlin-stdlib\1.3.70\kotlin-stdlib-1.3.70.jar;C:\Users\swetha\.m2\repository\org\jetbrains\annotations\13.0\annotations-13.0.jar;C:\Users\swetha\.m2\repository\com\squareup\okio\okio\2.6.0\okio-2.6.0.jar;C:\Users\swetha\.m2\repository\org\jetbrains\kotlin\kotlin-stdlib-common\1.3.70\kotlin-stdlib-common-1.3.70.jar;C:\Users\swetha\.m2\repository\com\typesafe\netty\netty-reactive-streams\2.0.4\netty-reactive-streams-2.0.4.jar;C:\Users\swetha\.m2\repository\io\netty\netty-handler\4.1.43.Final\netty-handler-4.1.43.Final.jar;C:\Users\swetha\.m2\repository\org\reactivestreams\reactive-streams\1.0.3\reactive-streams-1.0.3.jar;C:\Users\swetha\.m2\repository\io\grpc\grpc-context\1.28.0\grpc-context-1.28.0.jar;C:\Users\swetha\.m2\repository\io\netty\netty-buffer\4.1.49.Final\netty-buffer-4.1.49.Final.jar;C:\Users\swetha\.m2\repository\io\netty\netty-common\4.1.49.Final\netty-common-4.1.49.Final.jar;C:\Users\swetha\.m2\repository\io\netty\netty-codec-http\4.1.49.Final\netty-codec-http-4.1.49.Final.jar;C:\Users\swetha\.m2\repository\io\netty\netty-codec\4.1.49.Final\netty-codec-4.1.49.Final.jar;C:\Users\swetha\.m2\repository\io\netty\netty-transport-native-epoll\4.1.49.Final\netty-transport-native-epoll-4.1.49.Final.jar;C:\Users\swetha\.m2\repository\io\netty\netty-transport-native-epoll\4.1.49.Final\netty-transport-native-epoll-4.1.49.Final-linux-x86_64.jar;C:\Users\swetha\.m2\repository\io\netty\netty-transport-native-kqueue\4.1.49.Final\netty-transport-native-kqueue-4.1.49.Final.jar;C:\Users\swetha\.m2\repository\io\netty\netty-transport-native-kqueue\4.1.49.Final\netty-transport-native-kqueue-4.1.49.Final-osx-x86_64.jar;C:\Users\swetha\.m2\repository\io\netty\netty-transport-native-unix-common\4.1.49.Final\netty-transport-native-unix-common-4.1.49.Final.jar;C:\Users\swetha\.m2\repository\io\netty\netty-transport\4.1.49.Final\netty-transport-4.1.49.Final.jar;C:\Users\swetha\.m2\repository\io\netty\netty-resolver\4.1.49.Final\netty-resolver-4.1.49.Final.jar;C:\Users\swetha\.m2\repository\io\opentelemetry\opentelemetry-api\0.4.0\opentelemetry-api-0.4.0.jar;C:\Users\swetha\.m2\repository\io\opentelemetry\opentelemetry-context-prop\0.4.0\opentelemetry-context-prop-0.4.0.jar;C:\Users\swetha\.m2\repository\io\opentelemetry\opentelemetry-sdk\0.4.0\opentelemetry-sdk-0.4.0.jar;C:\Users\swetha\.m2\repository\io\projectreactor\netty\reactor-netty\0.9.6.RELEASE\reactor-netty-0.9.6.RELEASE.jar;C:\Users\swetha\.m2\repository\io\netty\netty-codec-http2\4.1.48.Final\netty-codec-http2-4.1.48.Final.jar;C:\Users\swetha\.m2\repository\io\netty\netty-handler-proxy\4.1.48.Final\netty-handler-proxy-4.1.48.Final.jar;C:\Users\swetha\.m2\repository\io\projectreactor\reactor-core\3.3.5.RELEASE\reactor-core-3.3.5.RELEASE.jar;C:\Users\swetha\.m2\repository\net\bytebuddy\byte-buddy\1.10.9\byte-buddy-1.10.9.jar;C:\Users\swetha\.m2\repository\org\apache\commons\commons-exec\1.3\commons-exec-1.3.jar;C:\Users\swetha\.m2\repository\org\asynchttpclient\async-http-client\2.12.1\async-http-client-2.12.1.jar;C:\Users\swetha\.m2\repository\org\asynchttpclient\async-http-client-netty-utils\2.12.1\async-http-client-netty-utils-2.12.1.jar;C:\Users\swetha\.m2\repository\io\netty\netty-codec-socks\4.1.48.Final\netty-codec-socks-4.1.48.Final.jar;C:\Users\swetha\.m2\repository\org\slf4j\slf4j-api\1.7.30\slf4j-api-1.7.30.jar;C:\Users\swetha\.m2\repository\com\sun\activation\javax.activation\1.2.0\javax.activation-1.2.0.jar;C:\Users\swetha\.m2\repository\org\seleniumhq\selenium\selenium-safari-driver\4.0.0-alpha-6\selenium-safari-driver-4.0.0-alpha-6.jar;C:\Users\swetha\.m2\repository\org\seleniumhq\selenium\selenium-support\4.0.0-alpha-6\selenium-support-4.0.0-alpha-6.jar;C:\Users\swetha\.m2\repository\org\testng\testng\7.3.0\testng-7.3.0.jar;C:\Users\swetha\.m2\repository\com\beust\jcommander\1.78\jcommander-1.78.jar;C:\Users\swetha\.m2\repository\org\apache\ant\ant\1.10.3\ant-1.10.3.jar;C:\Users\swetha\.m2\repository\org\apache\ant\ant-launcher\1.10.3\ant-launcher-1.10.3.jar;C:\Users\swetha\.m2\repository\junit\junit\4.12\junit-4.12.jar;C:\Users\swetha\.m2\repository\org\hamcrest\hamcrest-core\1.3\hamcrest-core-1.3.jar;C:\Users\swetha\.m2\repository\com\google\inject\guice\4.2.2\guice-4.2.2-no_aop.jar;C:\Users\swetha\.m2\repository\javax\inject\javax.inject\1\javax.inject-1.jar;C:\Users\swetha\.m2\repository\aopalliance\aopalliance\1.0\aopalliance-1.0.jar;C:\Users\swetha\.m2\repository\org\yaml\snakeyaml\1.21\snakeyaml-1.21.jar;C:\Users\swetha\.m2\repository\commons-io\commons-io\2.7\commons-io-2.7.jar;C:\Users\swetha\.m2\repository\org\apache\poi\poi-ooxml\4.1.2\poi-ooxml-4.1.2.jar;C:\Users\swetha\.m2\repository\org\apache\poi\poi-ooxml-schemas\4.1.2\poi-ooxml-schemas-4.1.2.jar;C:\Users\swetha\.m2\repository\org\apache\xmlbeans\xmlbeans\3.1.0\xmlbeans-3.1.0.jar;C:\Users\swetha\.m2\repository\org\apache\commons\commons-compress\1.19\commons-compress-1.19.jar;C:\Users\swetha\.m2\repository\com\github\virtuald\curvesapi\1.06\curvesapi-1.06.jar;C:\Users\swetha\.m2\repository\com\aventstack\extentreports\4.1.7\extentreports-4.1.7.jar;C:\Users\swetha\.m2\repository\org\freemarker\freemarker\2.3.29\freemarker-2.3.29.jar;C:\Users\swetha\.m2\repository\org\apache\httpcomponents\httpclient\4.5.2\httpclient-4.5.2.jar;C:\Users\swetha\.m2\repository\org\apache\httpcomponents\httpcore\4.4.4\httpcore-4.4.4.jar;C:\Users\swetha\.m2\repository\commons-logging\commons-logging\1.2\commons-logging-1.2.jar;C:\Users\swetha\.m2\repository\org\apache\httpcomponents\httpmime\4.5.2\httpmime-4.5.2.jar;C:\Users\swetha\.m2\repository\com\google\code\gson\gson\2.8.6\gson-2.8.6.jar;C:\Users\swetha\.m2\repository\org\mongodb\mongodb-driver\3.12.0\mongodb-driver-3.12.0.jar;C:\Users\swetha\.m2\repository\org\mongodb\mongodb-driver-core\3.12.0\mongodb-driver-core-3.12.0.jar;C:\Users\swetha\.m2\repository\org\mongodb\bson\3.12.0\bson-3.12.0.jar;C:\Users\swetha\.m2\repository\org\apache\poi\poi\4.1.2\poi-4.1.2.jar;C:\Users\swetha\.m2\repository\commons-codec\commons-codec\1.13\commons-codec-1.13.jar;C:\Users\swetha\.m2\repository\org\apache\commons\commons-collections4\4.4\commons-collections4-4.4.jar;C:\Users\swetha\.m2\repository\org\apache\commons\commons-math3\3.6.1\commons-math3-3.6.1.jar;C:\Users\swetha\.m2\repository\com\zaxxer\SparseBitSet\1.2\SparseBitSet-1.2.jar;C:\Users\swetha\.m2\repository\log4j\log4j\1.2.17\log4j-1.2.17.jar;"/>
    <property name="java.vm.vendor" value="Oracle Corporation"/>
    <property name="sun.arch.data.model" value="64"/>
    <property name="user.variant" value=""/>
    <property name="java.vendor.url" value="http://java.oracle.com/"/>
    <property name="user.timezone" value="America/New_York"/>
    <property name="java.vm.specification.version" value="1.8"/>
    <property name="os.name" value="Windows 10"/>
    <property name="user.country" value="CA"/>
    <property name="sun.java.launcher" value="SUN_STANDARD"/>
    <property name="sun.boot.library.path" value="C:\Program Files\Java\jdk1.8.0_251\jre\bin"/>
    <property name="sun.java.command" value="C:\Users\swetha\AppData\Local\Temp\surefire7019537011836125290\surefirebooter9133339299293823001.jar C:\Users\swetha\AppData\Local\Temp\surefire7019537011836125290 2020-08-18T17-43-05_392-jvmRun1 surefire647782822818788502tmp surefire_042833925837761134tmp"/>
    <property name="surefire.test.class.path" value="D:\swethaworkspace\ZeroBankingModelAutomation\target\test-classes;D:\swethaworkspace\ZeroBankingModelAutomation\target\classes;C:\Users\swetha\.m2\repository\org\seleniumhq\selenium\selenium-java\4.0.0-alpha-6\selenium-java-4.0.0-alpha-6.jar;C:\Users\swetha\.m2\repository\org\seleniumhq\selenium\selenium-api\4.0.0-alpha-6\selenium-api-4.0.0-alpha-6.jar;C:\Users\swetha\.m2\repository\org\seleniumhq\selenium\selenium-chrome-driver\4.0.0-alpha-6\selenium-chrome-driver-4.0.0-alpha-6.jar;C:\Users\swetha\.m2\repository\com\google\auto\service\auto-service-annotations\1.0-rc6\auto-service-annotations-1.0-rc6.jar;C:\Users\swetha\.m2\repository\com\google\auto\service\auto-service\1.0-rc6\auto-service-1.0-rc6.jar;C:\Users\swetha\.m2\repository\com\google\auto\auto-common\0.10\auto-common-0.10.jar;C:\Users\swetha\.m2\repository\com\google\guava\guava\29.0-jre\guava-29.0-jre.jar;C:\Users\swetha\.m2\repository\com\google\guava\failureaccess\1.0.1\failureaccess-1.0.1.jar;C:\Users\swetha\.m2\repository\com\google\guava\listenablefuture\9999.0-empty-to-avoid-conflict-with-guava\listenablefuture-9999.0-empty-to-avoid-conflict-with-guava.jar;C:\Users\swetha\.m2\repository\com\google\code\findbugs\jsr305\3.0.2\jsr305-3.0.2.jar;C:\Users\swetha\.m2\repository\org\checkerframework\checker-qual\2.11.1\checker-qual-2.11.1.jar;C:\Users\swetha\.m2\repository\com\google\errorprone\error_prone_annotations\2.3.4\error_prone_annotations-2.3.4.jar;C:\Users\swetha\.m2\repository\com\google\j2objc\j2objc-annotations\1.3\j2objc-annotations-1.3.jar;C:\Users\swetha\.m2\repository\org\seleniumhq\selenium\selenium-chromium-driver\4.0.0-alpha-6\selenium-chromium-driver-4.0.0-alpha-6.jar;C:\Users\swetha\.m2\repository\org\seleniumhq\selenium\selenium-devtools\4.0.0-alpha-6\selenium-devtools-4.0.0-alpha-6.jar;C:\Users\swetha\.m2\repository\org\seleniumhq\selenium\selenium-http\4.0.0-alpha-6\selenium-http-4.0.0-alpha-6.jar;C:\Users\swetha\.m2\repository\org\seleniumhq\selenium\selenium-json\4.0.0-alpha-6\selenium-json-4.0.0-alpha-6.jar;C:\Users\swetha\.m2\repository\org\seleniumhq\selenium\selenium-edge-driver\4.0.0-alpha-6\selenium-edge-driver-4.0.0-alpha-6.jar;C:\Users\swetha\.m2\repository\org\seleniumhq\selenium\selenium-edgehtml-driver\4.0.0-alpha-6\selenium-edgehtml-driver-4.0.0-alpha-6.jar;C:\Users\swetha\.m2\repository\org\seleniumhq\selenium\selenium-firefox-driver\4.0.0-alpha-6\selenium-firefox-driver-4.0.0-alpha-6.jar;C:\Users\swetha\.m2\repository\org\seleniumhq\selenium\selenium-firefox-xpi-driver\4.0.0-alpha-6\selenium-firefox-xpi-driver-4.0.0-alpha-6.jar;C:\Users\swetha\.m2\repository\org\seleniumhq\selenium\selenium-ie-driver\4.0.0-alpha-6\selenium-ie-driver-4.0.0-alpha-6.jar;C:\Users\swetha\.m2\repository\org\seleniumhq\selenium\selenium-opera-driver\4.0.0-alpha-6\selenium-opera-driver-4.0.0-alpha-6.jar;C:\Users\swetha\.m2\repository\org\seleniumhq\selenium\selenium-remote-driver\4.0.0-alpha-6\selenium-remote-driver-4.0.0-alpha-6.jar;C:\Users\swetha\.m2\repository\com\squareup\okhttp3\okhttp\4.5.0\okhttp-4.5.0.jar;C:\Users\swetha\.m2\repository\org\jetbrains\kotlin\kotlin-stdlib\1.3.70\kotlin-stdlib-1.3.70.jar;C:\Users\swetha\.m2\repository\org\jetbrains\annotations\13.0\annotations-13.0.jar;C:\Users\swetha\.m2\repository\com\squareup\okio\okio\2.6.0\okio-2.6.0.jar;C:\Users\swetha\.m2\repository\org\jetbrains\kotlin\kotlin-stdlib-common\1.3.70\kotlin-stdlib-common-1.3.70.jar;C:\Users\swetha\.m2\repository\com\typesafe\netty\netty-reactive-streams\2.0.4\netty-reactive-streams-2.0.4.jar;C:\Users\swetha\.m2\repository\io\netty\netty-handler\4.1.43.Final\netty-handler-4.1.43.Final.jar;C:\Users\swetha\.m2\repository\org\reactivestreams\reactive-streams\1.0.3\reactive-streams-1.0.3.jar;C:\Users\swetha\.m2\repository\io\grpc\grpc-context\1.28.0\grpc-context-1.28.0.jar;C:\Users\swetha\.m2\repository\io\netty\netty-buffer\4.1.49.Final\netty-buffer-4.1.49.Final.jar;C:\Users\swetha\.m2\repository\io\netty\netty-common\4.1.49.Final\netty-common-4.1.49.Final.jar;C:\Users\swetha\.m2\repository\io\netty\netty-codec-http\4.1.49.Final\netty-codec-http-4.1.49.Final.jar;C:\Users\swetha\.m2\repository\io\netty\netty-codec\4.1.49.Final\netty-codec-4.1.49.Final.jar;C:\Users\swetha\.m2\repository\io\netty\netty-transport-native-epoll\4.1.49.Final\netty-transport-native-epoll-4.1.49.Final.jar;C:\Users\swetha\.m2\repository\io\netty\netty-transport-native-epoll\4.1.49.Final\netty-transport-native-epoll-4.1.49.Final-linux-x86_64.jar;C:\Users\swetha\.m2\repository\io\netty\netty-transport-native-kqueue\4.1.49.Final\netty-transport-native-kqueue-4.1.49.Final.jar;C:\Users\swetha\.m2\repository\io\netty\netty-transport-native-kqueue\4.1.49.Final\netty-transport-native-kqueue-4.1.49.Final-osx-x86_64.jar;C:\Users\swetha\.m2\repository\io\netty\netty-transport-native-unix-common\4.1.49.Final\netty-transport-native-unix-common-4.1.49.Final.jar;C:\Users\swetha\.m2\repository\io\netty\netty-transport\4.1.49.Final\netty-transport-4.1.49.Final.jar;C:\Users\swetha\.m2\repository\io\netty\netty-resolver\4.1.49.Final\netty-resolver-4.1.49.Final.jar;C:\Users\swetha\.m2\repository\io\opentelemetry\opentelemetry-api\0.4.0\opentelemetry-api-0.4.0.jar;C:\Users\swetha\.m2\repository\io\opentelemetry\opentelemetry-context-prop\0.4.0\opentelemetry-context-prop-0.4.0.jar;C:\Users\swetha\.m2\repository\io\opentelemetry\opentelemetry-sdk\0.4.0\opentelemetry-sdk-0.4.0.jar;C:\Users\swetha\.m2\repository\io\projectreactor\netty\reactor-netty\0.9.6.RELEASE\reactor-netty-0.9.6.RELEASE.jar;C:\Users\swetha\.m2\repository\io\netty\netty-codec-http2\4.1.48.Final\netty-codec-http2-4.1.48.Final.jar;C:\Users\swetha\.m2\repository\io\netty\netty-handler-proxy\4.1.48.Final\netty-handler-proxy-4.1.48.Final.jar;C:\Users\swetha\.m2\repository\io\projectreactor\reactor-core\3.3.5.RELEASE\reactor-core-3.3.5.RELEASE.jar;C:\Users\swetha\.m2\repository\net\bytebuddy\byte-buddy\1.10.9\byte-buddy-1.10.9.jar;C:\Users\swetha\.m2\repository\org\apache\commons\commons-exec\1.3\commons-exec-1.3.jar;C:\Users\swetha\.m2\repository\org\asynchttpclient\async-http-client\2.12.1\async-http-client-2.12.1.jar;C:\Users\swetha\.m2\repository\org\asynchttpclient\async-http-client-netty-utils\2.12.1\async-http-client-netty-utils-2.12.1.jar;C:\Users\swetha\.m2\repository\io\netty\netty-codec-socks\4.1.48.Final\netty-codec-socks-4.1.48.Final.jar;C:\Users\swetha\.m2\repository\org\slf4j\slf4j-api\1.7.30\slf4j-api-1.7.30.jar;C:\Users\swetha\.m2\repository\com\sun\activation\javax.activation\1.2.0\javax.activation-1.2.0.jar;C:\Users\swetha\.m2\repository\org\seleniumhq\selenium\selenium-safari-driver\4.0.0-alpha-6\selenium-safari-driver-4.0.0-alpha-6.jar;C:\Users\swetha\.m2\repository\org\seleniumhq\selenium\selenium-support\4.0.0-alpha-6\selenium-support-4.0.0-alpha-6.jar;C:\Users\swetha\.m2\repository\org\testng\testng\7.3.0\testng-7.3.0.jar;C:\Users\swetha\.m2\repository\com\beust\jcommander\1.78\jcommander-1.78.jar;C:\Users\swetha\.m2\repository\org\apache\ant\ant\1.10.3\ant-1.10.3.jar;C:\Users\swetha\.m2\repository\org\apache\ant\ant-launcher\1.10.3\ant-launcher-1.10.3.jar;C:\Users\swetha\.m2\repository\junit\junit\4.12\junit-4.12.jar;C:\Users\swetha\.m2\repository\org\hamcrest\hamcrest-core\1.3\hamcrest-core-1.3.jar;C:\Users\swetha\.m2\repository\com\google\inject\guice\4.2.2\guice-4.2.2-no_aop.jar;C:\Users\swetha\.m2\repository\javax\inject\javax.inject\1\javax.inject-1.jar;C:\Users\swetha\.m2\repository\aopalliance\aopalliance\1.0\aopalliance-1.0.jar;C:\Users\swetha\.m2\repository\org\yaml\snakeyaml\1.21\snakeyaml-1.21.jar;C:\Users\swetha\.m2\repository\commons-io\commons-io\2.7\commons-io-2.7.jar;C:\Users\swetha\.m2\repository\org\apache\poi\poi-ooxml\4.1.2\poi-ooxml-4.1.2.jar;C:\Users\swetha\.m2\repository\org\apache\poi\poi-ooxml-schemas\4.1.2\poi-ooxml-schemas-4.1.2.jar;C:\Users\swetha\.m2\repository\org\apache\xmlbeans\xmlbeans\3.1.0\xmlbeans-3.1.0.jar;C:\Users\swetha\.m2\repository\org\apache\commons\commons-compress\1.19\commons-compress-1.19.jar;C:\Users\swetha\.m2\repository\com\github\virtuald\curvesapi\1.06\curvesapi-1.06.jar;C:\Users\swetha\.m2\repository\com\aventstack\extentreports\4.1.7\extentreports-4.1.7.jar;C:\Users\swetha\.m2\repository\org\freemarker\freemarker\2.3.29\freemarker-2.3.29.jar;C:\Users\swetha\.m2\repository\org\apache\httpcomponents\httpclient\4.5.2\httpclient-4.5.2.jar;C:\Users\swetha\.m2\repository\org\apache\httpcomponents\httpcore\4.4.4\httpcore-4.4.4.jar;C:\Users\swetha\.m2\repository\commons-logging\commons-logging\1.2\commons-logging-1.2.jar;C:\Users\swetha\.m2\repository\org\apache\httpcomponents\httpmime\4.5.2\httpmime-4.5.2.jar;C:\Users\swetha\.m2\repository\com\google\code\gson\gson\2.8.6\gson-2.8.6.jar;C:\Users\swetha\.m2\repository\org\mongodb\mongodb-driver\3.12.0\mongodb-driver-3.12.0.jar;C:\Users\swetha\.m2\repository\org\mongodb\mongodb-driver-core\3.12.0\mongodb-driver-core-3.12.0.jar;C:\Users\swetha\.m2\repository\org\mongodb\bson\3.12.0\bson-3.12.0.jar;C:\Users\swetha\.m2\repository\org\apache\poi\poi\4.1.2\poi-4.1.2.jar;C:\Users\swetha\.m2\repository\commons-codec\commons-codec\1.13\commons-codec-1.13.jar;C:\Users\swetha\.m2\repository\org\apache\commons\commons-collections4\4.4\commons-collections4-4.4.jar;C:\Users\swetha\.m2\repository\org\apache\commons\commons-math3\3.6.1\commons-math3-3.6.1.jar;C:\Users\swetha\.m2\repository\com\zaxxer\SparseBitSet\1.2\SparseBitSet-1.2.jar;C:\Users\swetha\.m2\repository\log4j\log4j\1.2.17\log4j-1.2.17.jar;"/>
    <property name="sun.cpu.endian" value="little"/>
    <property name="user.home" value="C:\Users\swetha"/>
    <property name="user.language" value="en"/>
    <property name="java.specification.vendor" value="Oracle Corporation"/>
    <property name="java.home" value="C:\Program Files\Java\jdk1.8.0_251\jre"/>
    <property name="basedir" value="D:\swethaworkspace\ZeroBankingModelAutomation"/>
    <property name="file.separator" value="\"/>
    <property name="line.separator" value="&#10;"/>
    <property name="java.vm.specification.vendor" value="Oracle Corporation"/>
    <property name="java.specification.name" value="Java Platform API Specification"/>
    <property name="java.awt.graphicsenv" value="sun.awt.Win32GraphicsEnvironment"/>
    <property name="surefire.real.class.path" value="C:\Users\swetha\AppData\Local\Temp\surefire7019537011836125290\surefirebooter9133339299293823001.jar"/>
    <property name="sun.boot.class.path" value="C:\Program Files\Java\jdk1.8.0_251\jre\lib\resources.jar;C:\Program Files\Java\jdk1.8.0_251\jre\lib\rt.jar;C:\Program Files\Java\jdk1.8.0_251\jre\lib\sunrsasign.jar;C:\Program Files\Java\jdk1.8.0_251\jre\lib\jsse.jar;C:\Program Files\Java\jdk1.8.0_251\jre\lib\jce.jar;C:\Program Files\Java\jdk1.8.0_251\jre\lib\charsets.jar;C:\Program Files\Java\jdk1.8.0_251\jre\lib\jfr.jar;C:\Program Files\Java\jdk1.8.0_251\jre\classes"/>
    <property name="user.script" value=""/>
    <property name="sun.management.compiler" value="HotSpot 64-Bit Tiered Compilers"/>
    <property name="java.runtime.version" value="1.8.0_251-b08"/>
    <property name="user.name" value="swetha"/>
    <property name="path.separator" value=";"/>
    <property name="os.version" value="10.0"/>
    <property name="java.endorsed.dirs" value="C:\Program Files\Java\jdk1.8.0_251\jre\lib\endorsed"/>
    <property name="java.runtime.name" value="Java(TM) SE Runtime Environment"/>
    <property name="file.encoding" value="Cp1252"/>
    <property name="sun.nio.ch.bugLevel" value=""/>
    <property name="java.vm.name" value="Java HotSpot(TM) 64-Bit Server VM"/>
    <property name="localRepository" value="C:\Users\swetha\.m2\repository"/>
    <property name="java.vendor.url.bug" value="http://bugreport.sun.com/bugreport/"/>
    <property name="java.io.tmpdir" value="C:\Users\swetha\AppData\Local\Temp\"/>
    <property name="java.version" value="1.8.0_251"/>
    <property name="user.dir" value="D:\swethaworkspace\ZeroBankingModelAutomation"/>
    <property name="os.arch" value="amd64"/>
    <property name="java.vm.specification.name" value="Java Virtual Machine Specification"/>
    <property name="java.awt.printerjob" value="sun.awt.windows.WPrinterJob"/>
    <property name="sun.os.patch.level" value=""/>
    <property name="java.library.path" value="C:\Program Files\Java\jdk1.8.0_251\jre\bin;C:\WINDOWS\Sun\Java\bin;C:\WINDOWS\system32;C:\WINDOWS;C:\Program Files (x86)\Common Files\Oracle\Java\javapath;C:\Program Files (x86)\Intel\iCLS Client\;C:\Program Files\Intel\iCLS Client\;C:\WINDOWS\system32;C:\WINDOWS;C:\WINDOWS\System32\Wbem;C:\WINDOWS\System32\WindowsPowerShell\v1.0\;C:\Program Files (x86)\Intel\Intel(R) Management Engine Components\DAL;C:\Program Files\Intel\Intel(R) Management Engine Components\DAL;C:\Program Files (x86)\Intel\Intel(R) Management Engine Components\IPT;C:\Program Files\Intel\Intel(R) Management Engine Components\IPT;C:\WINDOWS\System32\OpenSSH\;C:\Program Files\Java\jdk1.8.0_251\bin;D:\apache-maven-3.6.3\bin;C:\Program Files\Git\cmd;C:\Users\swetha\AppData\Local\Microsoft\WindowsApps;;."/>
    <property name="java.vm.info" value="mixed mode"/>
    <property name="java.vendor" value="Oracle Corporation"/>
    <property name="java.vm.version" value="25.251-b08"/>
    <property name="java.ext.dirs" value="C:\Program Files\Java\jdk1.8.0_251\jre\lib\ext;C:\WINDOWS\Sun\Java\lib\ext"/>
    <property name="sun.io.unicode.encoding" value="UnicodeLittle"/>
    <property name="java.class.version" value="52.0"/>
  </properties>
  <testcase name="verifySignUp" classname="com.qa.testcases.HomeTest" time="0.313">
    <system-out><![CDATA[08-18-2020 17:43:09 InternalLoggerFactory.java DEBUG [main] logging.InternalLoggerFactory 53 - Using Log4J as the default logging framework
08-18-2020 17:43:09 ResourceLeakDetector.java DEBUG [main] util.ResourceLeakDetector 130 - -Dio.netty.leakDetection.level: simple
08-18-2020 17:43:09 ResourceLeakDetector.java DEBUG [main] util.ResourceLeakDetector 131 - -Dio.netty.leakDetection.targetRecords: 4
08-18-2020 17:43:09 ResourceLeakDetectorFactory.java DEBUG [main] util.ResourceLeakDetectorFactory 195 - Loaded default ResourceLeakDetector: io.netty.util.ResourceLeakDetector@4e08711f
08-18-2020 17:43:09 PlatformDependent.java DEBUG [main] internal.PlatformDependent 1015 - Platform: Windows
08-18-2020 17:43:09 PlatformDependent0.java DEBUG [main] internal.PlatformDependent0 408 - -Dio.netty.noUnsafe: false
08-18-2020 17:43:09 PlatformDependent0.java DEBUG [main] internal.PlatformDependent0 876 - Java version: 8
08-18-2020 17:43:09 PlatformDependent0.java DEBUG [main] internal.PlatformDependent0 125 - sun.misc.Unsafe.theUnsafe: available
08-18-2020 17:43:09 PlatformDependent0.java DEBUG [main] internal.PlatformDependent0 149 - sun.misc.Unsafe.copyMemory: available
08-18-2020 17:43:09 PlatformDependent0.java DEBUG [main] internal.PlatformDependent0 187 - java.nio.Buffer.address: available
08-18-2020 17:43:09 PlatformDependent0.java DEBUG [main] internal.PlatformDependent0 252 - direct buffer constructor: available
08-18-2020 17:43:09 PlatformDependent0.java DEBUG [main] internal.PlatformDependent0 326 - java.nio.Bits.unaligned: available, true
08-18-2020 17:43:09 PlatformDependent0.java DEBUG [main] internal.PlatformDependent0 391 - jdk.internal.misc.Unsafe.allocateUninitializedArray(int): unavailable prior to Java9
08-18-2020 17:43:09 PlatformDependent0.java DEBUG [main] internal.PlatformDependent0 398 - java.nio.DirectByteBuffer.<init>(long, int): available
08-18-2020 17:43:09 PlatformDependent.java DEBUG [main] internal.PlatformDependent 1058 - sun.misc.Unsafe: available
08-18-2020 17:43:09 PlatformDependent.java DEBUG [main] internal.PlatformDependent 1177 - -Dio.netty.tmpdir: C:\Users\swetha\AppData\Local\Temp (java.io.tmpdir)
08-18-2020 17:43:09 PlatformDependent.java DEBUG [main] internal.PlatformDependent 1256 - -Dio.netty.bitMode: 64 (sun.arch.data.model)
08-18-2020 17:43:09 PlatformDependent.java DEBUG [main] internal.PlatformDependent 177 - -Dio.netty.maxDirectMemory: 1890582528 bytes
08-18-2020 17:43:09 PlatformDependent.java DEBUG [main] internal.PlatformDependent 184 - -Dio.netty.uninitializedArrayAllocationThreshold: -1
08-18-2020 17:43:09 CleanerJava6.java DEBUG [main] internal.CleanerJava6 92 - java.nio.ByteBuffer.cleaner(): available
08-18-2020 17:43:09 PlatformDependent.java DEBUG [main] internal.PlatformDependent 204 - -Dio.netty.noPreferDirect: false
08-18-2020 17:43:09 PlatformDependent.java DEBUG [main] internal.PlatformDependent 919 - org.jctools-core.MpscChunkedArrayQueue: available
08-18-2020 17:43:10 JdkSslContext.java DEBUG [main] ssl.JdkSslContext 96 - Default protocols (JDK): [TLSv1.2, TLSv1.1, TLSv1] 
08-18-2020 17:43:10 JdkSslContext.java DEBUG [main] ssl.JdkSslContext 97 - Default cipher suites (JDK): [TLS_ECDHE_ECDSA_WITH_AES_256_GCM_SHA384, TLS_ECDHE_ECDSA_WITH_AES_128_GCM_SHA256, TLS_ECDHE_RSA_WITH_AES_128_GCM_SHA256, TLS_ECDHE_RSA_WITH_AES_256_GCM_SHA384, TLS_ECDHE_RSA_WITH_AES_128_CBC_SHA, TLS_ECDHE_RSA_WITH_AES_256_CBC_SHA, TLS_RSA_WITH_AES_128_GCM_SHA256, TLS_RSA_WITH_AES_128_CBC_SHA, TLS_RSA_WITH_AES_256_CBC_SHA]
08-18-2020 17:43:10 InternalThreadLocalMap.java DEBUG [main] internal.InternalThreadLocalMap 56 - -Dio.netty.threadLocalMap.stringBuilder.initialSize: 1024
08-18-2020 17:43:10 InternalThreadLocalMap.java DEBUG [main] internal.InternalThreadLocalMap 59 - -Dio.netty.threadLocalMap.stringBuilder.maxSize: 4096
08-18-2020 17:43:10 MultithreadEventLoopGroup.java DEBUG [main] channel.MultithreadEventLoopGroup 44 - -Dio.netty.eventLoopThreads: 8
08-18-2020 17:43:10 NioEventLoop.java DEBUG [main] nio.NioEventLoop 106 - -Dio.netty.noKeySetOptimization: false
08-18-2020 17:43:10 NioEventLoop.java DEBUG [main] nio.NioEventLoop 107 - -Dio.netty.selectorAutoRebuildThreshold: 512
08-18-2020 17:43:10 PooledByteBufAllocator.java DEBUG [main] buffer.PooledByteBufAllocator 156 - -Dio.netty.allocator.numHeapArenas: 8
08-18-2020 17:43:10 PooledByteBufAllocator.java DEBUG [main] buffer.PooledByteBufAllocator 157 - -Dio.netty.allocator.numDirectArenas: 8
08-18-2020 17:43:10 PooledByteBufAllocator.java DEBUG [main] buffer.PooledByteBufAllocator 159 - -Dio.netty.allocator.pageSize: 8192
08-18-2020 17:43:10 PooledByteBufAllocator.java DEBUG [main] buffer.PooledByteBufAllocator 164 - -Dio.netty.allocator.maxOrder: 11
08-18-2020 17:43:10 PooledByteBufAllocator.java DEBUG [main] buffer.PooledByteBufAllocator 168 - -Dio.netty.allocator.chunkSize: 16777216
08-18-2020 17:43:10 PooledByteBufAllocator.java DEBUG [main] buffer.PooledByteBufAllocator 169 - -Dio.netty.allocator.tinyCacheSize: 512
08-18-2020 17:43:10 PooledByteBufAllocator.java DEBUG [main] buffer.PooledByteBufAllocator 170 - -Dio.netty.allocator.smallCacheSize: 256
08-18-2020 17:43:10 PooledByteBufAllocator.java DEBUG [main] buffer.PooledByteBufAllocator 171 - -Dio.netty.allocator.normalCacheSize: 64
08-18-2020 17:43:10 PooledByteBufAllocator.java DEBUG [main] buffer.PooledByteBufAllocator 172 - -Dio.netty.allocator.maxCachedBufferCapacity: 32768
08-18-2020 17:43:10 PooledByteBufAllocator.java DEBUG [main] buffer.PooledByteBufAllocator 173 - -Dio.netty.allocator.cacheTrimInterval: 8192
08-18-2020 17:43:10 PooledByteBufAllocator.java DEBUG [main] buffer.PooledByteBufAllocator 174 - -Dio.netty.allocator.cacheTrimIntervalMillis: 0
08-18-2020 17:43:10 PooledByteBufAllocator.java DEBUG [main] buffer.PooledByteBufAllocator 175 - -Dio.netty.allocator.useCacheForAllThreads: true
08-18-2020 17:43:10 PooledByteBufAllocator.java DEBUG [main] buffer.PooledByteBufAllocator 176 - -Dio.netty.allocator.maxCachedByteBuffersPerChunk: 1023
08-18-2020 17:43:10 ByteBufUtil.java DEBUG [main] buffer.ByteBufUtil 86 - -Dio.netty.allocator.type: pooled
08-18-2020 17:43:10 ByteBufUtil.java DEBUG [main] buffer.ByteBufUtil 95 - -Dio.netty.threadLocalDirectBufferSize: 0
08-18-2020 17:43:10 ByteBufUtil.java DEBUG [main] buffer.ByteBufUtil 98 - -Dio.netty.maxThreadLocalCharBufferSize: 16384
08-18-2020 17:43:11 DefaultChannelId.java DEBUG [Forwarding newSession on session null to remote] channel.DefaultChannelId 79 - -Dio.netty.processId: 24032 (auto-detected)
08-18-2020 17:43:11 NetUtil.java DEBUG [Forwarding newSession on session null to remote] util.NetUtil 139 - -Djava.net.preferIPv4Stack: false
08-18-2020 17:43:11 NetUtil.java DEBUG [Forwarding newSession on session null to remote] util.NetUtil 140 - -Djava.net.preferIPv6Addresses: false
08-18-2020 17:43:12 NetUtil.java DEBUG [Forwarding newSession on session null to remote] util.NetUtil 224 - Loopback interface: lo (Software Loopback Interface 1, 127.0.0.1)
08-18-2020 17:43:12 NetUtil.java DEBUG [Forwarding newSession on session null to remote] util.NetUtil 289 - Failed to get SOMAXCONN from sysctl and file \proc\sys\net\core\somaxconn. Default: 200
08-18-2020 17:43:12 DefaultChannelId.java DEBUG [Forwarding newSession on session null to remote] channel.DefaultChannelId 101 - -Dio.netty.machineId: f8:94:c2:ff:fe:49:06:dd (auto-detected)
08-18-2020 17:43:12 AbstractByteBuf.java DEBUG [AsyncHttpClient-3-1] buffer.AbstractByteBuf 63 - -Dio.netty.buffer.checkAccessible: true
08-18-2020 17:43:12 AbstractByteBuf.java DEBUG [AsyncHttpClient-3-1] buffer.AbstractByteBuf 64 - -Dio.netty.buffer.checkBounds: true
08-18-2020 17:43:12 ResourceLeakDetectorFactory.java DEBUG [AsyncHttpClient-3-1] util.ResourceLeakDetectorFactory 195 - Loaded default ResourceLeakDetector: io.netty.util.ResourceLeakDetector@52b80a36
08-18-2020 17:43:12 Recycler.java DEBUG [AsyncHttpClient-3-1] util.Recycler 97 - -Dio.netty.recycler.maxCapacityPerThread: 4096
08-18-2020 17:43:12 Recycler.java DEBUG [AsyncHttpClient-3-1] util.Recycler 98 - -Dio.netty.recycler.maxSharedCapacityFactor: 2
08-18-2020 17:43:12 Recycler.java DEBUG [AsyncHttpClient-3-1] util.Recycler 99 - -Dio.netty.recycler.linkCapacity: 16
08-18-2020 17:43:12 Recycler.java DEBUG [AsyncHttpClient-3-1] util.Recycler 100 - -Dio.netty.recycler.ratio: 8
08-18-2020 17:43:16 ThreadLocalRandom.java DEBUG [main] internal.ThreadLocalRandom 212 - -Dio.netty.initialSeedUniquifier: 0x8f2b1227742d89a5
08-18-2020 17:43:17 Base.java DEBUG [main] base.Base 55 - hit the url
]]></system-out>
    <system-err><![CDATA[SLF4J: Failed to load class "org.slf4j.impl.StaticLoggerBinder".
SLF4J: Defaulting to no-operation (NOP) logger implementation
SLF4J: See http://www.slf4j.org/codes.html#StaticLoggerBinder for further details.
Starting ChromeDriver 83.0.4103.39 (ccbf011cb2d2b19b506d844400483861342c20cd-refs/branch-heads/4103@{#416}) on port 41976
Only local connections are allowed.
Please see https://chromedriver.chromium.org/security-considerations for suggestions on keeping ChromeDriver safe.
ChromeDriver was started successfully.
[1597786993.805][WARNING]: This version of ChromeDriver has not been tested with Chrome version 84.
Aug 18, 2020 5:43:15 PM org.openqa.selenium.remote.ProtocolHandshake createSession
INFO: Detected dialect: W3C
]]></system-err>
  </testcase>
  <testcase name="Login[username, password](1)" classname="com.qa.testcases.LoginTest" time="1.594">
    <system-out><![CDATA[08-18-2020 17:43:26 Base.java DEBUG [main] base.Base 55 - hit the url
]]></system-out>
    <system-err><![CDATA[Starting ChromeDriver 83.0.4103.39 (ccbf011cb2d2b19b506d844400483861342c20cd-refs/branch-heads/4103@{#416}) on port 11553
Only local connections are allowed.
Please see https://chromedriver.chromium.org/security-considerations for suggestions on keeping ChromeDriver safe.
ChromeDriver was started successfully.
[1597787003.402][WARNING]: This version of ChromeDriver has not been tested with Chrome version 84.
Aug 18, 2020 5:43:25 PM org.openqa.selenium.remote.ProtocolHandshake createSession
INFO: Detected dialect: W3C
]]></system-err>
  </testcase>
  <testcase name="Login[swetha, Password45](2)" classname="com.qa.testcases.LoginTest" time="1.397">
    <system-out><![CDATA[08-18-2020 17:43:35 Base.java DEBUG [main] base.Base 55 - hit the url
]]></system-out>
    <system-err><![CDATA[Starting ChromeDriver 83.0.4103.39 (ccbf011cb2d2b19b506d844400483861342c20cd-refs/branch-heads/4103@{#416}) on port 17849
Only local connections are allowed.
Please see https://chromedriver.chromium.org/security-considerations for suggestions on keeping ChromeDriver safe.
ChromeDriver was started successfully.
[1597787012.658][WARNING]: This version of ChromeDriver has not been tested with Chrome version 84.
Aug 18, 2020 5:43:34 PM org.openqa.selenium.remote.ProtocolHandshake createSession
INFO: Detected dialect: W3C
]]></system-err>
  </testcase>
  <testcase name="AddPayee" classname="com.qa.testcases.AddPayeeTest" time="5.266">
    <system-out><![CDATA[08-18-2020 17:43:44 Base.java DEBUG [main] base.Base 55 - hit the url
]]></system-out>
    <system-err><![CDATA[Starting ChromeDriver 83.0.4103.39 (ccbf011cb2d2b19b506d844400483861342c20cd-refs/branch-heads/4103@{#416}) on port 37427
Only local connections are allowed.
Please see https://chromedriver.chromium.org/security-considerations for suggestions on keeping ChromeDriver safe.
ChromeDriver was started successfully.
[1597787021.608][WARNING]: This version of ChromeDriver has not been tested with Chrome version 84.
Aug 18, 2020 5:43:43 PM org.openqa.selenium.remote.ProtocolHandshake createSession
INFO: Detected dialect: W3C
]]></system-err>
  </testcase>
  <testcase name="Login[username, password](1)" classname="com.qa.testcases.AddPayeeTest" time="2.828">
    <system-out><![CDATA[08-18-2020 17:43:57 Base.java DEBUG [main] base.Base 55 - hit the url
ee
]]></system-out>
    <system-err><![CDATA[Starting ChromeDriver 83.0.4103.39 (ccbf011cb2d2b19b506d844400483861342c20cd-refs/branch-heads/4103@{#416}) on port 37188
Only local connections are allowed.
Please see https://chromedriver.chromium.org/security-considerations for suggestions on keeping ChromeDriver safe.
ChromeDriver was started successfully.
[1597787034.897][WARNING]: This version of ChromeDriver has not been tested with Chrome version 84.
Aug 18, 2020 5:43:56 PM org.openqa.selenium.remote.ProtocolHandshake createSession
INFO: Detected dialect: W3C
]]></system-err>
  </testcase>
  <testcase name="Login[swetha, Password45](2)" classname="com.qa.testcases.AddPayeeTest" time="2.775">
    <system-out><![CDATA[08-18-2020 17:44:08 Base.java DEBUG [main] base.Base 55 - hit the url
ee
]]></system-out>
    <system-err><![CDATA[Starting ChromeDriver 83.0.4103.39 (ccbf011cb2d2b19b506d844400483861342c20cd-refs/branch-heads/4103@{#416}) on port 28557
Only local connections are allowed.
Please see https://chromedriver.chromium.org/security-considerations for suggestions on keeping ChromeDriver safe.
ChromeDriver was started successfully.
[1597787045.134][WARNING]: This version of ChromeDriver has not been tested with Chrome version 84.
Aug 18, 2020 5:44:07 PM org.openqa.selenium.remote.ProtocolHandshake createSession
INFO: Detected dialect: W3C
]]></system-err>
  </testcase>
  <testcase name="MoneyMapverify" classname="com.qa.testcases.MoneyMapTest" time="4.298">
    <system-out><![CDATA[08-18-2020 17:44:18 Base.java DEBUG [main] base.Base 55 - hit the url
]]></system-out>
    <system-err><![CDATA[Starting ChromeDriver 83.0.4103.39 (ccbf011cb2d2b19b506d844400483861342c20cd-refs/branch-heads/4103@{#416}) on port 38807
Only local connections are allowed.
Please see https://chromedriver.chromium.org/security-considerations for suggestions on keeping ChromeDriver safe.
ChromeDriver was started successfully.
[1597787055.419][WARNING]: This version of ChromeDriver has not been tested with Chrome version 84.
Aug 18, 2020 5:44:17 PM org.openqa.selenium.remote.ProtocolHandshake createSession
INFO: Detected dialect: W3C
]]></system-err>
  </testcase>
</testsuite>