<?xml version="1.0" encoding="UTF-8"?>
<!-- Generated by org.testng.reporters.JUnitReportReporter -->
<testsuite skipped="0" hostname="LAPTOP-R0317NUN" name="com.qa.testcases.HomeTest" tests="1" failures="0" timestamp="2020-08-17T17:13:06 EDT" time="9.226" errors="0">
  <testcase name="verifySignUp" time="9.226" classname="com.qa.testcases.HomeTest"/>
  <system-out/>
</testsuite> <!-- com.qa.testcases.HomeTest -->
