<?xml version="1.0" encoding="UTF-8"?>
<!-- Generated by org.testng.reporters.JUnitReportReporter -->
<testsuite skipped="0" hostname="LAPTOP-R0317NUN" name="com.qa.testcases.AddPayeeTest" tests="3" failures="0" timestamp="2020-08-17T17:13:06 EDT" time="32.221" errors="0">
  <testcase name="AddPayee" time="12.236" classname="com.qa.testcases.AddPayeeTest"/>
  <system-out/>
  <testcase name="Login" time="10.364" classname="com.qa.testcases.AddPayeeTest"/>
  <system-out/>
  <testcase name="Login" time="9.621" classname="com.qa.testcases.AddPayeeTest"/>
  <system-out/>
</testsuite> <!-- com.qa.testcases.AddPayeeTest -->
