<?xml version="1.0" encoding="UTF-8"?>
<!-- Generated by org.testng.reporters.JUnitReportReporter -->
<testsuite skipped="0" hostname="LAPTOP-R0317NUN" name="com.qa.testcases.AddPayeeTest" tests="3" failures="0" timestamp="2020-08-18T17:35:29 EDT" time="34.595" errors="0">
  <testcase name="Login" time="10.937" classname="com.qa.testcases.AddPayeeTest"/>
  <system-out/>
  <testcase name="Login" time="10.985" classname="com.qa.testcases.AddPayeeTest"/>
  <system-out/>
  <testcase name="AddPayee" time="12.673" classname="com.qa.testcases.AddPayeeTest"/>
  <system-out/>
</testsuite> <!-- com.qa.testcases.AddPayeeTest -->
