<?xml version="1.0" encoding="UTF-8"?>
<!-- Generated by org.testng.reporters.JUnitReportReporter -->
<testsuite skipped="0" hostname="LAPTOP-R0317NUN" name="com.qa.testcases.MoneyMapTest" tests="1" failures="0" timestamp="2020-08-18T17:35:29 EDT" time="17.113" errors="0">
  <testcase name="MoneyMapverify" time="17.113" classname="com.qa.testcases.MoneyMapTest"/>
  <system-out/>
</testsuite> <!-- com.qa.testcases.MoneyMapTest -->
