<?xml version="1.0" encoding="UTF-8"?>
<!-- Generated by org.testng.reporters.JUnitReportReporter -->
<testsuite skipped="0" hostname="LAPTOP-R0317NUN" name="com.qa.testcases.LoginTest" tests="2" failures="0" timestamp="2020-08-18T17:35:29 EDT" time="18.702" errors="0">
  <testcase name="Login" time="9.108" classname="com.qa.testcases.LoginTest"/>
  <system-out/>
  <testcase name="Login" time="9.594" classname="com.qa.testcases.LoginTest"/>
  <system-out/>
</testsuite> <!-- com.qa.testcases.LoginTest -->
