<?xml version="1.0" encoding="UTF-8"?>
<!-- Generated by org.testng.reporters.JUnitReportReporter -->
<testsuite skipped="0" hostname="LAPTOP-R0317NUN" name="com.qa.testcases.AddPayeeTest" tests="3" failures="0" timestamp="2020-08-18T17:44:26 EDT" time="33.574" errors="0">
  <testcase name="AddPayee" time="12.785" classname="com.qa.testcases.AddPayeeTest"/>
  <system-out/>
  <testcase name="Login" time="10.411" classname="com.qa.testcases.AddPayeeTest"/>
  <system-out/>
  <testcase name="Login" time="10.378" classname="com.qa.testcases.AddPayeeTest"/>
  <system-out/>
</testsuite> <!-- com.qa.testcases.AddPayeeTest -->
