<?xml version="1.0" encoding="UTF-8"?>
<!-- Generated by org.testng.reporters.JUnitReportReporter -->
<testsuite skipped="0" hostname="LAPTOP-R0317NUN" name="com.qa.testcases.AddPayeeTest" tests="3" failures="0" timestamp="2020-08-17T17:31:01 EDT" time="33.489" errors="0">
  <testcase name="Login" time="10.245" classname="com.qa.testcases.AddPayeeTest"/>
  <system-out/>
  <testcase name="Login" time="10.743" classname="com.qa.testcases.AddPayeeTest"/>
  <system-out/>
  <testcase name="AddPayee" time="12.501" classname="com.qa.testcases.AddPayeeTest"/>
  <system-out/>
</testsuite> <!-- com.qa.testcases.AddPayeeTest -->
