<?xml version="1.0" encoding="UTF-8"?>
<!-- Generated by org.testng.reporters.JUnitReportReporter -->
<testsuite skipped="0" hostname="LAPTOP-R0317NUN" name="com.qa.testcases.LoginTest" tests="2" failures="0" timestamp="2020-08-18T17:44:26 EDT" time="18.012" errors="0">
  <testcase name="Login" time="8.794" classname="com.qa.testcases.LoginTest"/>
  <system-out/>
  <testcase name="Login" time="9.218" classname="com.qa.testcases.LoginTest"/>
  <system-out/>
</testsuite> <!-- com.qa.testcases.LoginTest -->
