<?xml version="1.0" encoding="UTF-8"?>
<!-- Generated by org.testng.reporters.JUnitReportReporter -->
<testsuite skipped="0" hostname="LAPTOP-R0317NUN" name="com.qa.testcases.LoginTest" tests="2" failures="0" timestamp="2020-08-17T17:31:01 EDT" time="19.568" errors="0">
  <testcase name="Login" time="10.584" classname="com.qa.testcases.LoginTest"/>
  <system-out/>
  <testcase name="Login" time="8.984" classname="com.qa.testcases.LoginTest"/>
  <system-out/>
</testsuite> <!-- com.qa.testcases.LoginTest -->
